The system is: Darwin - 20.6.0 - arm64
Compiling the C compiler identification source file "CMakeCCompilerId.c" succeeded.
Compiler: /Library/Developer/CommandLineTools/usr/bin/cc 
Build flags: 
Id flags: -c 

The output was:
0


Compilation of the C compiler identification source "CMakeCCompilerId.c" produced "CMakeCCompilerId.o"

The C compiler identification is AppleClang, found in "/Users/lucaswells/Projects/open-fvs/trunk/bin/FVSls_CmakeDir/CMakeFiles/3.21.3/CompilerIdC/CMakeCCompilerId.o"

Compiling the CXX compiler identification source file "CMakeCXXCompilerId.cpp" succeeded.
Compiler: /Library/Developer/CommandLineTools/usr/bin/c++ 
Build flags: 
Id flags: -c 

The output was:
0


Compilation of the CXX compiler identification source "CMakeCXXCompilerId.cpp" produced "CMakeCXXCompilerId.o"

The CXX compiler identification is AppleClang, found in "/Users/lucaswells/Projects/open-fvs/trunk/bin/FVSls_CmakeDir/CMakeFiles/3.21.3/CompilerIdCXX/CMakeCXXCompilerId.o"

Compiling the Fortran compiler identification source file "CMakeFortranCompilerId.F" succeeded.
Compiler: /opt/homebrew/bin/gfortran 
Build flags: 
Id flags: -v 

The output was:
0
Driving: /opt/homebrew/bin/gfortran -v CMakeFortranCompilerId.F -mmacosx-version-min=11.5.0 -asm_macosx_version_min=11.5 -l gfortran
Using built-in specs.
COLLECT_GCC=/opt/homebrew/bin/gfortran
COLLECT_LTO_WRAPPER=/opt/homebrew/Cellar/gcc/11.2.0/libexec/gcc/aarch64-apple-darwin20/11.1.0/lto-wrapper
Target: aarch64-apple-darwin20
Configured with: ../configure --prefix=/opt/homebrew/Cellar/gcc/11.2.0 --libdir=/opt/homebrew/Cellar/gcc/11.2.0/lib/gcc/11 --disable-nls --enable-checking=release --enable-languages=c,c++,objc,obj-c++,fortran --program-suffix=-11 --with-gmp=/opt/homebrew/opt/gmp --with-mpfr=/opt/homebrew/opt/mpfr --with-mpc=/opt/homebrew/opt/libmpc --with-isl=/opt/homebrew/opt/isl --with-zstd=/opt/homebrew/opt/zstd --with-pkgversion='Homebrew GCC 11.2.0' --with-bugurl=https://github.com/Homebrew/homebrew-core/issues --build=aarch64-apple-darwin20 --with-system-zlib --disable-multilib --with-native-system-header-dir=/usr/include --with-sysroot=/Library/Developer/CommandLineTools/SDKs/MacOSX.sdk
Thread model: posix
Supported LTO compression algorithms: zlib zstd
gcc version 11.1.0 (Homebrew GCC 11.2.0) 
COLLECT_GCC_OPTIONS='-v' '-mmacosx-version-min=11.5.0' '-asm_macosx_version_min=11.5' '-mlittle-endian' '-mabi=lp64' '-dumpdir' 'a-'
 /opt/homebrew/Cellar/gcc/11.2.0/libexec/gcc/aarch64-apple-darwin20/11.1.0/f951 CMakeFortranCompilerId.F -ffixed-form -cpp=/var/folders/dg/hzd_q63x3fj78tsmp80d4wbr0000gn/T//ccICIwUE.f90 -quiet -v -D__DYNAMIC__ CMakeFortranCompilerId.F -fPIC -quiet -dumpdir a- -dumpbase CMakeFortranCompilerId.F -dumpbase-ext .F -mmacosx-version-min=11.5.0 -mlittle-endian -mabi=lp64 -version -fintrinsic-modules-path /opt/homebrew/Cellar/gcc/11.2.0/lib/gcc/11/gcc/aarch64-apple-darwin20/11.1.0/finclude -o /var/folders/dg/hzd_q63x3fj78tsmp80d4wbr0000gn/T//ccCCTfLl.s
GNU Fortran (Homebrew GCC 11.2.0) version 11.1.0 (aarch64-apple-darwin20)
	compiled by GNU C version 11.1.0, GMP version 6.2.1, MPFR version 4.1.0, MPC version 1.2.1, isl version isl-0.24-GMP

GGC heuristics: --param ggc-min-expand=100 --param ggc-min-heapsize=131072
ignoring nonexistent directory "/Library/Developer/CommandLineTools/SDKs/MacOSX.sdk/usr/local/include"
ignoring nonexistent directory "/opt/homebrew/Cellar/gcc/11.2.0/lib/gcc/11/gcc/aarch64-apple-darwin20/11.1.0/../../../../../../aarch64-apple-darwin20/include"
#include "..." search starts here:
#include <...> search starts here:
 /opt/homebrew/Cellar/gcc/11.2.0/lib/gcc/11/gcc/aarch64-apple-darwin20/11.1.0/finclude
 /opt/homebrew/Cellar/gcc/11.2.0/lib/gcc/11/gcc/aarch64-apple-darwin20/11.1.0/include
 /opt/homebrew/Cellar/gcc/11.2.0/lib/gcc/11/gcc/aarch64-apple-darwin20/11.1.0/include-fixed
 /Library/Developer/CommandLineTools/SDKs/MacOSX.sdk/usr/include
End of search list.
GNU Fortran2008 (Homebrew GCC 11.2.0) version 11.1.0 (aarch64-apple-darwin20)
	compiled by GNU C version 11.1.0, GMP version 6.2.1, MPFR version 4.1.0, MPC version 1.2.1, isl version isl-0.24-GMP

GGC heuristics: --param ggc-min-expand=100 --param ggc-min-heapsize=131072
COLLECT_GCC_OPTIONS='-v' '-mmacosx-version-min=11.5.0'  '-mlittle-endian' '-mabi=lp64' '-dumpdir' 'a-'
 as -arch arm64 -v -mmacosx-version-min=11.5 -o /var/folders/dg/hzd_q63x3fj78tsmp80d4wbr0000gn/T//ccwopg2n.o /var/folders/dg/hzd_q63x3fj78tsmp80d4wbr0000gn/T//ccCCTfLl.s
Apple clang version 13.0.0 (clang-1300.0.29.3)
Target: arm64-apple-darwin20.6.0
Thread model: posix
InstalledDir: /Library/Developer/CommandLineTools/usr/bin
 "/Library/Developer/CommandLineTools/usr/bin/clang" -cc1as -triple arm64-apple-macosx11.5.0 -filetype obj -main-file-name ccCCTfLl.s -target-cpu apple-m1 -target-feature +v8.5a -target-feature +fp-armv8 -target-feature +neon -target-feature +crc -target-feature +crypto -target-feature +dotprod -target-feature +fp16fml -target-feature +ras -target-feature +lse -target-feature +rdm -target-feature +rcpc -target-feature +zcm -target-feature +zcz -target-feature +fullfp16 -target-feature +sm4 -target-feature +sha3 -target-feature +sha2 -target-feature +aes -fdebug-compilation-dir /Users/lucaswells/Projects/open-fvs/trunk/bin/FVSls_CmakeDir/CMakeFiles/3.21.3/CompilerIdFortran -dwarf-debug-producer "Apple clang version 13.0.0 (clang-1300.0.29.3)" -dwarf-version=4 -mrelocation-model pic --mrelax-relocations -mllvm -disable-aligned-alloc-awareness=1 -mllvm -enable-dse-memoryssa=0 -o /var/folders/dg/hzd_q63x3fj78tsmp80d4wbr0000gn/T//ccwopg2n.o /var/folders/dg/hzd_q63x3fj78tsmp80d4wbr0000gn/T//ccCCTfLl.s
Reading specs from /opt/homebrew/Cellar/gcc/11.2.0/lib/gcc/11/gcc/aarch64-apple-darwin20/11.1.0/../../../libgfortran.spec
rename spec lib to liborig
COLLECT_GCC_OPTIONS='-v' '-mmacosx-version-min=11.5.0'  '-mlittle-endian' '-mabi=lp64' '-dumpdir' 'a-'
COMPILER_PATH=/opt/homebrew/Cellar/gcc/11.2.0/libexec/gcc/aarch64-apple-darwin20/11.1.0/:/opt/homebrew/Cellar/gcc/11.2.0/libexec/gcc/aarch64-apple-darwin20/11.1.0/:/opt/homebrew/Cellar/gcc/11.2.0/libexec/gcc/aarch64-apple-darwin20/:/opt/homebrew/Cellar/gcc/11.2.0/lib/gcc/11/gcc/aarch64-apple-darwin20/11.1.0/:/opt/homebrew/Cellar/gcc/11.2.0/lib/gcc/11/gcc/aarch64-apple-darwin20/
LIBRARY_PATH=/opt/homebrew/Cellar/gcc/11.2.0/lib/gcc/11/gcc/aarch64-apple-darwin20/11.1.0/:/opt/homebrew/Cellar/gcc/11.2.0/lib/gcc/11/gcc/aarch64-apple-darwin20/11.1.0/../../../
COLLECT_GCC_OPTIONS='-v' '-mmacosx-version-min=11.5.0'  '-mlittle-endian' '-mabi=lp64' '-dumpdir' 'a.'
 /opt/homebrew/Cellar/gcc/11.2.0/libexec/gcc/aarch64-apple-darwin20/11.1.0/collect2 -syslibroot /Library/Developer/CommandLineTools/SDKs/MacOSX.sdk/ -dynamic -arch arm64 -macosx_version_min 11.5.0 -weak_reference_mismatches non-weak -o a.out -L/opt/homebrew/Cellar/gcc/11.2.0/lib/gcc/11/gcc/aarch64-apple-darwin20/11.1.0 -L/opt/homebrew/Cellar/gcc/11.2.0/lib/gcc/11/gcc/aarch64-apple-darwin20/11.1.0/../../.. /var/folders/dg/hzd_q63x3fj78tsmp80d4wbr0000gn/T//ccwopg2n.o -lgfortran -lgcc_s.1.1 -lgcc -lm -lgcc_s.1.1 -lgcc -lSystem -lgcc -no_compact_unwind -rpath @loader_path -rpath /opt/homebrew/Cellar/gcc/11.2.0/lib/gcc/11/gcc/aarch64-apple-darwin20/11.1.0 -rpath /opt/homebrew/Cellar/gcc/11.2.0/lib/gcc/11/gcc/aarch64-apple-darwin20/11.1.0/../../.. -v
collect2 version 11.1.0
/usr/bin/ld -syslibroot /Library/Developer/CommandLineTools/SDKs/MacOSX.sdk/ -dynamic -arch arm64 -macosx_version_min 11.5.0 -weak_reference_mismatches non-weak -o a.out -L/opt/homebrew/Cellar/gcc/11.2.0/lib/gcc/11/gcc/aarch64-apple-darwin20/11.1.0 -L/opt/homebrew/Cellar/gcc/11.2.0/lib/gcc/11/gcc/aarch64-apple-darwin20/11.1.0/../../.. /var/folders/dg/hzd_q63x3fj78tsmp80d4wbr0000gn/T//ccwopg2n.o -lgfortran -lgcc_s.1.1 -lgcc -lm -lgcc_s.1.1 -lgcc -lSystem -lgcc -no_compact_unwind -rpath @loader_path -rpath /opt/homebrew/Cellar/gcc/11.2.0/lib/gcc/11/gcc/aarch64-apple-darwin20/11.1.0 -rpath /opt/homebrew/Cellar/gcc/11.2.0/lib/gcc/11/gcc/aarch64-apple-darwin20/11.1.0/../../.. -v
@(#)PROGRAM:ld  PROJECT:ld64-711
BUILD 14:59:28 Aug 21 2021
configured to support archs: armv6 armv7 armv7s arm64 arm64e arm64_32 i386 x86_64 x86_64h armv6m armv7k armv7m armv7em
Library search paths:
	/opt/homebrew/Cellar/gcc/11.2.0/lib/gcc/11/gcc/aarch64-apple-darwin20/11.1.0
	/opt/homebrew/Cellar/gcc/11.2.0/lib/gcc/11
	/Library/Developer/CommandLineTools/SDKs/MacOSX.sdk/usr/lib
Framework search paths:
	/Library/Developer/CommandLineTools/SDKs/MacOSX.sdk/System/Library/Frameworks/


Compilation of the Fortran compiler identification source "CMakeFortranCompilerId.F" produced "a.out"

The Fortran compiler identification is GNU, found in "/Users/lucaswells/Projects/open-fvs/trunk/bin/FVSls_CmakeDir/CMakeFiles/3.21.3/CompilerIdFortran/a.out"

Detecting C compiler ABI info compiled with the following output:
Change Dir: /Users/lucaswells/Projects/open-fvs/trunk/bin/FVSls_CmakeDir/CMakeFiles/CMakeTmp

Run Build Command(s):/usr/bin/make -f Makefile cmTC_c2548/fast && /Library/Developer/CommandLineTools/usr/bin/make  -f CMakeFiles/cmTC_c2548.dir/build.make CMakeFiles/cmTC_c2548.dir/build
Building C object CMakeFiles/cmTC_c2548.dir/CMakeCCompilerABI.c.o
/Library/Developer/CommandLineTools/usr/bin/cc   -arch arm64 -isysroot /Library/Developer/CommandLineTools/SDKs/MacOSX11.3.sdk   -v -Wl,-v -MD -MT CMakeFiles/cmTC_c2548.dir/CMakeCCompilerABI.c.o -MF CMakeFiles/cmTC_c2548.dir/CMakeCCompilerABI.c.o.d -o CMakeFiles/cmTC_c2548.dir/CMakeCCompilerABI.c.o -c /opt/homebrew/Cellar/cmake/3.21.3_1/share/cmake/Modules/CMakeCCompilerABI.c
Apple clang version 13.0.0 (clang-1300.0.29.3)
Target: arm64-apple-darwin20.6.0
Thread model: posix
InstalledDir: /Library/Developer/CommandLineTools/usr/bin
clang: warning: -Wl,-v: 'linker' input unused [-Wunused-command-line-argument]
 "/Library/Developer/CommandLineTools/usr/bin/clang" -cc1 -triple arm64-apple-macosx11.0.0 -Wundef-prefix=TARGET_OS_ -Wdeprecated-objc-isa-usage -Werror=deprecated-objc-isa-usage -Werror=implicit-function-declaration -emit-obj -mrelax-all --mrelax-relocations -disable-free -disable-llvm-verifier -discard-value-names -main-file-name CMakeCCompilerABI.c -mrelocation-model pic -pic-level 2 -mframe-pointer=non-leaf -fno-strict-return -fno-rounding-math -munwind-tables -target-sdk-version=11.3 -fvisibility-inlines-hidden-static-local-var -target-cpu apple-m1 -target-feature +v8.5a -target-feature +fp-armv8 -target-feature +neon -target-feature +crc -target-feature +crypto -target-feature +dotprod -target-feature +fp16fml -target-feature +ras -target-feature +lse -target-feature +rdm -target-feature +rcpc -target-feature +zcm -target-feature +zcz -target-feature +fullfp16 -target-feature +sm4 -target-feature +sha3 -target-feature +sha2 -target-feature +aes -target-abi darwinpcs -fallow-half-arguments-and-returns -debugger-tuning=lldb -target-linker-version 711 -v -resource-dir /Library/Developer/CommandLineTools/usr/lib/clang/13.0.0 -dependency-file CMakeFiles/cmTC_c2548.dir/CMakeCCompilerABI.c.o.d -skip-unused-modulemap-deps -MT CMakeFiles/cmTC_c2548.dir/CMakeCCompilerABI.c.o -sys-header-deps -isysroot /Library/Developer/CommandLineTools/SDKs/MacOSX11.3.sdk -internal-isystem /Library/Developer/CommandLineTools/SDKs/MacOSX11.3.sdk/usr/local/include -internal-isystem /Library/Developer/CommandLineTools/usr/lib/clang/13.0.0/include -internal-externc-isystem /Library/Developer/CommandLineTools/SDKs/MacOSX11.3.sdk/usr/include -internal-externc-isystem /Library/Developer/CommandLineTools/usr/include -Wno-reorder-init-list -Wno-implicit-int-float-conversion -Wno-c99-designator -Wno-final-dtor-non-final-class -Wno-extra-semi-stmt -Wno-misleading-indentation -Wno-quoted-include-in-framework-header -Wno-implicit-fallthrough -Wno-enum-enum-conversion -Wno-enum-float-conversion -Wno-elaborated-enum-base -fdebug-compilation-dir /Users/lucaswells/Projects/open-fvs/trunk/bin/FVSls_CmakeDir/CMakeFiles/CMakeTmp -ferror-limit 19 -stack-protector 1 -fstack-check -mdarwin-stkchk-strong-link -fblocks -fencode-extended-block-signature -fregister-global-dtors-with-atexit -fgnuc-version=4.2.1 -fmax-type-align=16 -fcommon -clang-vendor-feature=+nullptrToBoolConversion -clang-vendor-feature=+messageToSelfInClassMethodIdReturnType -clang-vendor-feature=+disableInferNewAvailabilityFromInit -clang-vendor-feature=+disableNeonImmediateRangeCheck -clang-vendor-feature=+disableNonDependentMemberExprInCurrentInstantiation -fno-odr-hash-protocols -clang-vendor-feature=+revert09abecef7bbf -mllvm -disable-aligned-alloc-awareness=1 -mllvm -enable-dse-memoryssa=0 -o CMakeFiles/cmTC_c2548.dir/CMakeCCompilerABI.c.o -x c /opt/homebrew/Cellar/cmake/3.21.3_1/share/cmake/Modules/CMakeCCompilerABI.c
clang -cc1 version 13.0.0 (clang-1300.0.29.3) default target arm64-apple-darwin20.6.0
ignoring nonexistent directory "/Library/Developer/CommandLineTools/SDKs/MacOSX11.3.sdk/usr/local/include"
ignoring nonexistent directory "/Library/Developer/CommandLineTools/SDKs/MacOSX11.3.sdk/Library/Frameworks"
#include "..." search starts here:
#include <...> search starts here:
 /Library/Developer/CommandLineTools/usr/lib/clang/13.0.0/include
 /Library/Developer/CommandLineTools/SDKs/MacOSX11.3.sdk/usr/include
 /Library/Developer/CommandLineTools/usr/include
 /Library/Developer/CommandLineTools/SDKs/MacOSX11.3.sdk/System/Library/Frameworks (framework directory)
End of search list.
Linking C executable cmTC_c2548
/opt/homebrew/Cellar/cmake/3.21.3_1/bin/cmake -E cmake_link_script CMakeFiles/cmTC_c2548.dir/link.txt --verbose=1
/Library/Developer/CommandLineTools/usr/bin/cc  -arch arm64 -isysroot /Library/Developer/CommandLineTools/SDKs/MacOSX11.3.sdk -Wl,-search_paths_first -Wl,-headerpad_max_install_names  -v -Wl,-v CMakeFiles/cmTC_c2548.dir/CMakeCCompilerABI.c.o -o cmTC_c2548 
Apple clang version 13.0.0 (clang-1300.0.29.3)
Target: arm64-apple-darwin20.6.0
Thread model: posix
InstalledDir: /Library/Developer/CommandLineTools/usr/bin
 "/Library/Developer/CommandLineTools/usr/bin/ld" -demangle -lto_library /Library/Developer/CommandLineTools/usr/lib/libLTO.dylib -dynamic -arch arm64 -platform_version macos 11.0.0 11.3 -syslibroot /Library/Developer/CommandLineTools/SDKs/MacOSX11.3.sdk -o cmTC_c2548 -search_paths_first -headerpad_max_install_names -v CMakeFiles/cmTC_c2548.dir/CMakeCCompilerABI.c.o -lSystem /Library/Developer/CommandLineTools/usr/lib/clang/13.0.0/lib/darwin/libclang_rt.osx.a
@(#)PROGRAM:ld  PROJECT:ld64-711
BUILD 14:59:28 Aug 21 2021
configured to support archs: armv6 armv7 armv7s arm64 arm64e arm64_32 i386 x86_64 x86_64h armv6m armv7k armv7m armv7em
Library search paths:
	/Library/Developer/CommandLineTools/SDKs/MacOSX11.3.sdk/usr/lib
Framework search paths:
	/Library/Developer/CommandLineTools/SDKs/MacOSX11.3.sdk/System/Library/Frameworks/



Parsed C implicit include dir info from above output: rv=done
  found start of include info
  found start of implicit include info
    add: [/Library/Developer/CommandLineTools/usr/lib/clang/13.0.0/include]
    add: [/Library/Developer/CommandLineTools/SDKs/MacOSX11.3.sdk/usr/include]
    add: [/Library/Developer/CommandLineTools/usr/include]
  end of search list found
  collapse include dir [/Library/Developer/CommandLineTools/usr/lib/clang/13.0.0/include] ==> [/Library/Developer/CommandLineTools/usr/lib/clang/13.0.0/include]
  collapse include dir [/Library/Developer/CommandLineTools/SDKs/MacOSX11.3.sdk/usr/include] ==> [/Library/Developer/CommandLineTools/SDKs/MacOSX11.3.sdk/usr/include]
  collapse include dir [/Library/Developer/CommandLineTools/usr/include] ==> [/Library/Developer/CommandLineTools/usr/include]
  implicit include dirs: [/Library/Developer/CommandLineTools/usr/lib/clang/13.0.0/include;/Library/Developer/CommandLineTools/SDKs/MacOSX11.3.sdk/usr/include;/Library/Developer/CommandLineTools/usr/include]


Parsed C implicit link information from above output:
  link line regex: [^( *|.*[/\])(ld|CMAKE_LINK_STARTFILE-NOTFOUND|([^/\]+-)?ld|collect2)[^/\]*( |$)]
  ignore line: [Change Dir: /Users/lucaswells/Projects/open-fvs/trunk/bin/FVSls_CmakeDir/CMakeFiles/CMakeTmp]
  ignore line: []
  ignore line: [Run Build Command(s):/usr/bin/make -f Makefile cmTC_c2548/fast && /Library/Developer/CommandLineTools/usr/bin/make  -f CMakeFiles/cmTC_c2548.dir/build.make CMakeFiles/cmTC_c2548.dir/build]
  ignore line: [Building C object CMakeFiles/cmTC_c2548.dir/CMakeCCompilerABI.c.o]
  ignore line: [/Library/Developer/CommandLineTools/usr/bin/cc   -arch arm64 -isysroot /Library/Developer/CommandLineTools/SDKs/MacOSX11.3.sdk   -v -Wl -v -MD -MT CMakeFiles/cmTC_c2548.dir/CMakeCCompilerABI.c.o -MF CMakeFiles/cmTC_c2548.dir/CMakeCCompilerABI.c.o.d -o CMakeFiles/cmTC_c2548.dir/CMakeCCompilerABI.c.o -c /opt/homebrew/Cellar/cmake/3.21.3_1/share/cmake/Modules/CMakeCCompilerABI.c]
  ignore line: [Apple clang version 13.0.0 (clang-1300.0.29.3)]
  ignore line: [Target: arm64-apple-darwin20.6.0]
  ignore line: [Thread model: posix]
  ignore line: [InstalledDir: /Library/Developer/CommandLineTools/usr/bin]
  ignore line: [clang: warning: -Wl -v: 'linker' input unused [-Wunused-command-line-argument]]
  ignore line: [ "/Library/Developer/CommandLineTools/usr/bin/clang" -cc1 -triple arm64-apple-macosx11.0.0 -Wundef-prefix=TARGET_OS_ -Wdeprecated-objc-isa-usage -Werror=deprecated-objc-isa-usage -Werror=implicit-function-declaration -emit-obj -mrelax-all --mrelax-relocations -disable-free -disable-llvm-verifier -discard-value-names -main-file-name CMakeCCompilerABI.c -mrelocation-model pic -pic-level 2 -mframe-pointer=non-leaf -fno-strict-return -fno-rounding-math -munwind-tables -target-sdk-version=11.3 -fvisibility-inlines-hidden-static-local-var -target-cpu apple-m1 -target-feature +v8.5a -target-feature +fp-armv8 -target-feature +neon -target-feature +crc -target-feature +crypto -target-feature +dotprod -target-feature +fp16fml -target-feature +ras -target-feature +lse -target-feature +rdm -target-feature +rcpc -target-feature +zcm -target-feature +zcz -target-feature +fullfp16 -target-feature +sm4 -target-feature +sha3 -target-feature +sha2 -target-feature +aes -target-abi darwinpcs -fallow-half-arguments-and-returns -debugger-tuning=lldb -target-linker-version 711 -v -resource-dir /Library/Developer/CommandLineTools/usr/lib/clang/13.0.0 -dependency-file CMakeFiles/cmTC_c2548.dir/CMakeCCompilerABI.c.o.d -skip-unused-modulemap-deps -MT CMakeFiles/cmTC_c2548.dir/CMakeCCompilerABI.c.o -sys-header-deps -isysroot /Library/Developer/CommandLineTools/SDKs/MacOSX11.3.sdk -internal-isystem /Library/Developer/CommandLineTools/SDKs/MacOSX11.3.sdk/usr/local/include -internal-isystem /Library/Developer/CommandLineTools/usr/lib/clang/13.0.0/include -internal-externc-isystem /Library/Developer/CommandLineTools/SDKs/MacOSX11.3.sdk/usr/include -internal-externc-isystem /Library/Developer/CommandLineTools/usr/include -Wno-reorder-init-list -Wno-implicit-int-float-conversion -Wno-c99-designator -Wno-final-dtor-non-final-class -Wno-extra-semi-stmt -Wno-misleading-indentation -Wno-quoted-include-in-framework-header -Wno-implicit-fallthrough -Wno-enum-enum-conversion -Wno-enum-float-conversion -Wno-elaborated-enum-base -fdebug-compilation-dir /Users/lucaswells/Projects/open-fvs/trunk/bin/FVSls_CmakeDir/CMakeFiles/CMakeTmp -ferror-limit 19 -stack-protector 1 -fstack-check -mdarwin-stkchk-strong-link -fblocks -fencode-extended-block-signature -fregister-global-dtors-with-atexit -fgnuc-version=4.2.1 -fmax-type-align=16 -fcommon -clang-vendor-feature=+nullptrToBoolConversion -clang-vendor-feature=+messageToSelfInClassMethodIdReturnType -clang-vendor-feature=+disableInferNewAvailabilityFromInit -clang-vendor-feature=+disableNeonImmediateRangeCheck -clang-vendor-feature=+disableNonDependentMemberExprInCurrentInstantiation -fno-odr-hash-protocols -clang-vendor-feature=+revert09abecef7bbf -mllvm -disable-aligned-alloc-awareness=1 -mllvm -enable-dse-memoryssa=0 -o CMakeFiles/cmTC_c2548.dir/CMakeCCompilerABI.c.o -x c /opt/homebrew/Cellar/cmake/3.21.3_1/share/cmake/Modules/CMakeCCompilerABI.c]
  ignore line: [clang -cc1 version 13.0.0 (clang-1300.0.29.3) default target arm64-apple-darwin20.6.0]
  ignore line: [ignoring nonexistent directory "/Library/Developer/CommandLineTools/SDKs/MacOSX11.3.sdk/usr/local/include"]
  ignore line: [ignoring nonexistent directory "/Library/Developer/CommandLineTools/SDKs/MacOSX11.3.sdk/Library/Frameworks"]
  ignore line: [#include "..." search starts here:]
  ignore line: [#include <...> search starts here:]
  ignore line: [ /Library/Developer/CommandLineTools/usr/lib/clang/13.0.0/include]
  ignore line: [ /Library/Developer/CommandLineTools/SDKs/MacOSX11.3.sdk/usr/include]
  ignore line: [ /Library/Developer/CommandLineTools/usr/include]
  ignore line: [ /Library/Developer/CommandLineTools/SDKs/MacOSX11.3.sdk/System/Library/Frameworks (framework directory)]
  ignore line: [End of search list.]
  ignore line: [Linking C executable cmTC_c2548]
  ignore line: [/opt/homebrew/Cellar/cmake/3.21.3_1/bin/cmake -E cmake_link_script CMakeFiles/cmTC_c2548.dir/link.txt --verbose=1]
  ignore line: [/Library/Developer/CommandLineTools/usr/bin/cc  -arch arm64 -isysroot /Library/Developer/CommandLineTools/SDKs/MacOSX11.3.sdk -Wl -search_paths_first -Wl -headerpad_max_install_names  -v -Wl -v CMakeFiles/cmTC_c2548.dir/CMakeCCompilerABI.c.o -o cmTC_c2548 ]
  ignore line: [Apple clang version 13.0.0 (clang-1300.0.29.3)]
  ignore line: [Target: arm64-apple-darwin20.6.0]
  ignore line: [Thread model: posix]
  ignore line: [InstalledDir: /Library/Developer/CommandLineTools/usr/bin]
  link line: [ "/Library/Developer/CommandLineTools/usr/bin/ld" -demangle -lto_library /Library/Developer/CommandLineTools/usr/lib/libLTO.dylib -dynamic -arch arm64 -platform_version macos 11.0.0 11.3 -syslibroot /Library/Developer/CommandLineTools/SDKs/MacOSX11.3.sdk -o cmTC_c2548 -search_paths_first -headerpad_max_install_names -v CMakeFiles/cmTC_c2548.dir/CMakeCCompilerABI.c.o -lSystem /Library/Developer/CommandLineTools/usr/lib/clang/13.0.0/lib/darwin/libclang_rt.osx.a]
    arg [/Library/Developer/CommandLineTools/usr/bin/ld] ==> ignore
    arg [-demangle] ==> ignore
    arg [-lto_library] ==> ignore, skip following value
    arg [/Library/Developer/CommandLineTools/usr/lib/libLTO.dylib] ==> skip value of -lto_library
    arg [-dynamic] ==> ignore
    arg [-arch] ==> ignore
    arg [arm64] ==> ignore
    arg [-platform_version] ==> ignore
    arg [macos] ==> ignore
    arg [11.0.0] ==> ignore
    arg [11.3] ==> ignore
    arg [-syslibroot] ==> ignore
    arg [/Library/Developer/CommandLineTools/SDKs/MacOSX11.3.sdk] ==> ignore
    arg [-o] ==> ignore
    arg [cmTC_c2548] ==> ignore
    arg [-search_paths_first] ==> ignore
    arg [-headerpad_max_install_names] ==> ignore
    arg [-v] ==> ignore
    arg [CMakeFiles/cmTC_c2548.dir/CMakeCCompilerABI.c.o] ==> ignore
    arg [-lSystem] ==> lib [System]
    arg [/Library/Developer/CommandLineTools/usr/lib/clang/13.0.0/lib/darwin/libclang_rt.osx.a] ==> lib [/Library/Developer/CommandLineTools/usr/lib/clang/13.0.0/lib/darwin/libclang_rt.osx.a]
  Library search paths: [;/Library/Developer/CommandLineTools/SDKs/MacOSX11.3.sdk/usr/lib]
  Framework search paths: [;/Library/Developer/CommandLineTools/SDKs/MacOSX11.3.sdk/System/Library/Frameworks/]
  remove lib [System]
  remove lib [/Library/Developer/CommandLineTools/usr/lib/clang/13.0.0/lib/darwin/libclang_rt.osx.a]
  collapse library dir [/Library/Developer/CommandLineTools/SDKs/MacOSX11.3.sdk/usr/lib] ==> [/Library/Developer/CommandLineTools/SDKs/MacOSX11.3.sdk/usr/lib]
  collapse framework dir [/Library/Developer/CommandLineTools/SDKs/MacOSX11.3.sdk/System/Library/Frameworks/] ==> [/Library/Developer/CommandLineTools/SDKs/MacOSX11.3.sdk/System/Library/Frameworks]
  implicit libs: []
  implicit objs: []
  implicit dirs: [/Library/Developer/CommandLineTools/SDKs/MacOSX11.3.sdk/usr/lib]
  implicit fwks: [/Library/Developer/CommandLineTools/SDKs/MacOSX11.3.sdk/System/Library/Frameworks]


Detecting CXX compiler ABI info compiled with the following output:
Change Dir: /Users/lucaswells/Projects/open-fvs/trunk/bin/FVSls_CmakeDir/CMakeFiles/CMakeTmp

Run Build Command(s):/usr/bin/make -f Makefile cmTC_6987f/fast && /Library/Developer/CommandLineTools/usr/bin/make  -f CMakeFiles/cmTC_6987f.dir/build.make CMakeFiles/cmTC_6987f.dir/build
Building CXX object CMakeFiles/cmTC_6987f.dir/CMakeCXXCompilerABI.cpp.o
/Library/Developer/CommandLineTools/usr/bin/c++   -arch arm64 -isysroot /Library/Developer/CommandLineTools/SDKs/MacOSX11.3.sdk   -v -Wl,-v -MD -MT CMakeFiles/cmTC_6987f.dir/CMakeCXXCompilerABI.cpp.o -MF CMakeFiles/cmTC_6987f.dir/CMakeCXXCompilerABI.cpp.o.d -o CMakeFiles/cmTC_6987f.dir/CMakeCXXCompilerABI.cpp.o -c /opt/homebrew/Cellar/cmake/3.21.3_1/share/cmake/Modules/CMakeCXXCompilerABI.cpp
Apple clang version 13.0.0 (clang-1300.0.29.3)
Target: arm64-apple-darwin20.6.0
Thread model: posix
InstalledDir: /Library/Developer/CommandLineTools/usr/bin
clang: warning: -Wl,-v: 'linker' input unused [-Wunused-command-line-argument]
 "/Library/Developer/CommandLineTools/usr/bin/clang" -cc1 -triple arm64-apple-macosx11.0.0 -Wundef-prefix=TARGET_OS_ -Wdeprecated-objc-isa-usage -Werror=deprecated-objc-isa-usage -Werror=implicit-function-declaration -emit-obj -mrelax-all --mrelax-relocations -disable-free -disable-llvm-verifier -discard-value-names -main-file-name CMakeCXXCompilerABI.cpp -mrelocation-model pic -pic-level 2 -mframe-pointer=non-leaf -fno-strict-return -fno-rounding-math -munwind-tables -target-sdk-version=11.3 -fvisibility-inlines-hidden-static-local-var -target-cpu apple-m1 -target-feature +v8.5a -target-feature +fp-armv8 -target-feature +neon -target-feature +crc -target-feature +crypto -target-feature +dotprod -target-feature +fp16fml -target-feature +ras -target-feature +lse -target-feature +rdm -target-feature +rcpc -target-feature +zcm -target-feature +zcz -target-feature +fullfp16 -target-feature +sm4 -target-feature +sha3 -target-feature +sha2 -target-feature +aes -target-abi darwinpcs -fallow-half-arguments-and-returns -debugger-tuning=lldb -target-linker-version 711 -v -resource-dir /Library/Developer/CommandLineTools/usr/lib/clang/13.0.0 -dependency-file CMakeFiles/cmTC_6987f.dir/CMakeCXXCompilerABI.cpp.o.d -skip-unused-modulemap-deps -MT CMakeFiles/cmTC_6987f.dir/CMakeCXXCompilerABI.cpp.o -sys-header-deps -isysroot /Library/Developer/CommandLineTools/SDKs/MacOSX11.3.sdk -stdlib=libc++ -internal-isystem /Library/Developer/CommandLineTools/SDKs/MacOSX11.3.sdk/usr/include/c++/v1 -internal-isystem /Library/Developer/CommandLineTools/SDKs/MacOSX11.3.sdk/usr/local/include -internal-isystem /Library/Developer/CommandLineTools/usr/lib/clang/13.0.0/include -internal-externc-isystem /Library/Developer/CommandLineTools/SDKs/MacOSX11.3.sdk/usr/include -internal-externc-isystem /Library/Developer/CommandLineTools/usr/include -Wno-reorder-init-list -Wno-implicit-int-float-conversion -Wno-c99-designator -Wno-final-dtor-non-final-class -Wno-extra-semi-stmt -Wno-misleading-indentation -Wno-quoted-include-in-framework-header -Wno-implicit-fallthrough -Wno-enum-enum-conversion -Wno-enum-float-conversion -Wno-elaborated-enum-base -fdeprecated-macro -fdebug-compilation-dir /Users/lucaswells/Projects/open-fvs/trunk/bin/FVSls_CmakeDir/CMakeFiles/CMakeTmp -ferror-limit 19 -stack-protector 1 -fstack-check -mdarwin-stkchk-strong-link -fblocks -fencode-extended-block-signature -fregister-global-dtors-with-atexit -fgnuc-version=4.2.1 -fno-cxx-modules -fcxx-exceptions -fexceptions -fmax-type-align=16 -fcommon -clang-vendor-feature=+nullptrToBoolConversion -clang-vendor-feature=+messageToSelfInClassMethodIdReturnType -clang-vendor-feature=+disableInferNewAvailabilityFromInit -clang-vendor-feature=+disableNeonImmediateRangeCheck -clang-vendor-feature=+disableNonDependentMemberExprInCurrentInstantiation -fno-odr-hash-protocols -clang-vendor-feature=+revert09abecef7bbf -mllvm -disable-aligned-alloc-awareness=1 -mllvm -enable-dse-memoryssa=0 -o CMakeFiles/cmTC_6987f.dir/CMakeCXXCompilerABI.cpp.o -x c++ /opt/homebrew/Cellar/cmake/3.21.3_1/share/cmake/Modules/CMakeCXXCompilerABI.cpp
clang -cc1 version 13.0.0 (clang-1300.0.29.3) default target arm64-apple-darwin20.6.0
ignoring nonexistent directory "/Library/Developer/CommandLineTools/SDKs/MacOSX11.3.sdk/usr/local/include"
ignoring nonexistent directory "/Library/Developer/CommandLineTools/SDKs/MacOSX11.3.sdk/Library/Frameworks"
#include "..." search starts here:
#include <...> search starts here:
 /Library/Developer/CommandLineTools/SDKs/MacOSX11.3.sdk/usr/include/c++/v1
 /Library/Developer/CommandLineTools/usr/lib/clang/13.0.0/include
 /Library/Developer/CommandLineTools/SDKs/MacOSX11.3.sdk/usr/include
 /Library/Developer/CommandLineTools/usr/include
 /Library/Developer/CommandLineTools/SDKs/MacOSX11.3.sdk/System/Library/Frameworks (framework directory)
End of search list.
Linking CXX executable cmTC_6987f
/opt/homebrew/Cellar/cmake/3.21.3_1/bin/cmake -E cmake_link_script CMakeFiles/cmTC_6987f.dir/link.txt --verbose=1
/Library/Developer/CommandLineTools/usr/bin/c++  -arch arm64 -isysroot /Library/Developer/CommandLineTools/SDKs/MacOSX11.3.sdk -Wl,-search_paths_first -Wl,-headerpad_max_install_names  -v -Wl,-v CMakeFiles/cmTC_6987f.dir/CMakeCXXCompilerABI.cpp.o -o cmTC_6987f 
Apple clang version 13.0.0 (clang-1300.0.29.3)
Target: arm64-apple-darwin20.6.0
Thread model: posix
InstalledDir: /Library/Developer/CommandLineTools/usr/bin
 "/Library/Developer/CommandLineTools/usr/bin/ld" -demangle -lto_library /Library/Developer/CommandLineTools/usr/lib/libLTO.dylib -dynamic -arch arm64 -platform_version macos 11.0.0 11.3 -syslibroot /Library/Developer/CommandLineTools/SDKs/MacOSX11.3.sdk -o cmTC_6987f -search_paths_first -headerpad_max_install_names -v CMakeFiles/cmTC_6987f.dir/CMakeCXXCompilerABI.cpp.o -lc++ -lSystem /Library/Developer/CommandLineTools/usr/lib/clang/13.0.0/lib/darwin/libclang_rt.osx.a
@(#)PROGRAM:ld  PROJECT:ld64-711
BUILD 14:59:28 Aug 21 2021
configured to support archs: armv6 armv7 armv7s arm64 arm64e arm64_32 i386 x86_64 x86_64h armv6m armv7k armv7m armv7em
Library search paths:
	/Library/Developer/CommandLineTools/SDKs/MacOSX11.3.sdk/usr/lib
Framework search paths:
	/Library/Developer/CommandLineTools/SDKs/MacOSX11.3.sdk/System/Library/Frameworks/



Parsed CXX implicit include dir info from above output: rv=done
  found start of include info
  found start of implicit include info
    add: [/Library/Developer/CommandLineTools/SDKs/MacOSX11.3.sdk/usr/include/c++/v1]
    add: [/Library/Developer/CommandLineTools/usr/lib/clang/13.0.0/include]
    add: [/Library/Developer/CommandLineTools/SDKs/MacOSX11.3.sdk/usr/include]
    add: [/Library/Developer/CommandLineTools/usr/include]
  end of search list found
  collapse include dir [/Library/Developer/CommandLineTools/SDKs/MacOSX11.3.sdk/usr/include/c++/v1] ==> [/Library/Developer/CommandLineTools/SDKs/MacOSX11.3.sdk/usr/include/c++/v1]
  collapse include dir [/Library/Developer/CommandLineTools/usr/lib/clang/13.0.0/include] ==> [/Library/Developer/CommandLineTools/usr/lib/clang/13.0.0/include]
  collapse include dir [/Library/Developer/CommandLineTools/SDKs/MacOSX11.3.sdk/usr/include] ==> [/Library/Developer/CommandLineTools/SDKs/MacOSX11.3.sdk/usr/include]
  collapse include dir [/Library/Developer/CommandLineTools/usr/include] ==> [/Library/Developer/CommandLineTools/usr/include]
  implicit include dirs: [/Library/Developer/CommandLineTools/SDKs/MacOSX11.3.sdk/usr/include/c++/v1;/Library/Developer/CommandLineTools/usr/lib/clang/13.0.0/include;/Library/Developer/CommandLineTools/SDKs/MacOSX11.3.sdk/usr/include;/Library/Developer/CommandLineTools/usr/include]


Parsed CXX implicit link information from above output:
  link line regex: [^( *|.*[/\])(ld|CMAKE_LINK_STARTFILE-NOTFOUND|([^/\]+-)?ld|collect2)[^/\]*( |$)]
  ignore line: [Change Dir: /Users/lucaswells/Projects/open-fvs/trunk/bin/FVSls_CmakeDir/CMakeFiles/CMakeTmp]
  ignore line: []
  ignore line: [Run Build Command(s):/usr/bin/make -f Makefile cmTC_6987f/fast && /Library/Developer/CommandLineTools/usr/bin/make  -f CMakeFiles/cmTC_6987f.dir/build.make CMakeFiles/cmTC_6987f.dir/build]
  ignore line: [Building CXX object CMakeFiles/cmTC_6987f.dir/CMakeCXXCompilerABI.cpp.o]
  ignore line: [/Library/Developer/CommandLineTools/usr/bin/c++   -arch arm64 -isysroot /Library/Developer/CommandLineTools/SDKs/MacOSX11.3.sdk   -v -Wl -v -MD -MT CMakeFiles/cmTC_6987f.dir/CMakeCXXCompilerABI.cpp.o -MF CMakeFiles/cmTC_6987f.dir/CMakeCXXCompilerABI.cpp.o.d -o CMakeFiles/cmTC_6987f.dir/CMakeCXXCompilerABI.cpp.o -c /opt/homebrew/Cellar/cmake/3.21.3_1/share/cmake/Modules/CMakeCXXCompilerABI.cpp]
  ignore line: [Apple clang version 13.0.0 (clang-1300.0.29.3)]
  ignore line: [Target: arm64-apple-darwin20.6.0]
  ignore line: [Thread model: posix]
  ignore line: [InstalledDir: /Library/Developer/CommandLineTools/usr/bin]
  ignore line: [clang: warning: -Wl -v: 'linker' input unused [-Wunused-command-line-argument]]
  ignore line: [ "/Library/Developer/CommandLineTools/usr/bin/clang" -cc1 -triple arm64-apple-macosx11.0.0 -Wundef-prefix=TARGET_OS_ -Wdeprecated-objc-isa-usage -Werror=deprecated-objc-isa-usage -Werror=implicit-function-declaration -emit-obj -mrelax-all --mrelax-relocations -disable-free -disable-llvm-verifier -discard-value-names -main-file-name CMakeCXXCompilerABI.cpp -mrelocation-model pic -pic-level 2 -mframe-pointer=non-leaf -fno-strict-return -fno-rounding-math -munwind-tables -target-sdk-version=11.3 -fvisibility-inlines-hidden-static-local-var -target-cpu apple-m1 -target-feature +v8.5a -target-feature +fp-armv8 -target-feature +neon -target-feature +crc -target-feature +crypto -target-feature +dotprod -target-feature +fp16fml -target-feature +ras -target-feature +lse -target-feature +rdm -target-feature +rcpc -target-feature +zcm -target-feature +zcz -target-feature +fullfp16 -target-feature +sm4 -target-feature +sha3 -target-feature +sha2 -target-feature +aes -target-abi darwinpcs -fallow-half-arguments-and-returns -debugger-tuning=lldb -target-linker-version 711 -v -resource-dir /Library/Developer/CommandLineTools/usr/lib/clang/13.0.0 -dependency-file CMakeFiles/cmTC_6987f.dir/CMakeCXXCompilerABI.cpp.o.d -skip-unused-modulemap-deps -MT CMakeFiles/cmTC_6987f.dir/CMakeCXXCompilerABI.cpp.o -sys-header-deps -isysroot /Library/Developer/CommandLineTools/SDKs/MacOSX11.3.sdk -stdlib=libc++ -internal-isystem /Library/Developer/CommandLineTools/SDKs/MacOSX11.3.sdk/usr/include/c++/v1 -internal-isystem /Library/Developer/CommandLineTools/SDKs/MacOSX11.3.sdk/usr/local/include -internal-isystem /Library/Developer/CommandLineTools/usr/lib/clang/13.0.0/include -internal-externc-isystem /Library/Developer/CommandLineTools/SDKs/MacOSX11.3.sdk/usr/include -internal-externc-isystem /Library/Developer/CommandLineTools/usr/include -Wno-reorder-init-list -Wno-implicit-int-float-conversion -Wno-c99-designator -Wno-final-dtor-non-final-class -Wno-extra-semi-stmt -Wno-misleading-indentation -Wno-quoted-include-in-framework-header -Wno-implicit-fallthrough -Wno-enum-enum-conversion -Wno-enum-float-conversion -Wno-elaborated-enum-base -fdeprecated-macro -fdebug-compilation-dir /Users/lucaswells/Projects/open-fvs/trunk/bin/FVSls_CmakeDir/CMakeFiles/CMakeTmp -ferror-limit 19 -stack-protector 1 -fstack-check -mdarwin-stkchk-strong-link -fblocks -fencode-extended-block-signature -fregister-global-dtors-with-atexit -fgnuc-version=4.2.1 -fno-cxx-modules -fcxx-exceptions -fexceptions -fmax-type-align=16 -fcommon -clang-vendor-feature=+nullptrToBoolConversion -clang-vendor-feature=+messageToSelfInClassMethodIdReturnType -clang-vendor-feature=+disableInferNewAvailabilityFromInit -clang-vendor-feature=+disableNeonImmediateRangeCheck -clang-vendor-feature=+disableNonDependentMemberExprInCurrentInstantiation -fno-odr-hash-protocols -clang-vendor-feature=+revert09abecef7bbf -mllvm -disable-aligned-alloc-awareness=1 -mllvm -enable-dse-memoryssa=0 -o CMakeFiles/cmTC_6987f.dir/CMakeCXXCompilerABI.cpp.o -x c++ /opt/homebrew/Cellar/cmake/3.21.3_1/share/cmake/Modules/CMakeCXXCompilerABI.cpp]
  ignore line: [clang -cc1 version 13.0.0 (clang-1300.0.29.3) default target arm64-apple-darwin20.6.0]
  ignore line: [ignoring nonexistent directory "/Library/Developer/CommandLineTools/SDKs/MacOSX11.3.sdk/usr/local/include"]
  ignore line: [ignoring nonexistent directory "/Library/Developer/CommandLineTools/SDKs/MacOSX11.3.sdk/Library/Frameworks"]
  ignore line: [#include "..." search starts here:]
  ignore line: [#include <...> search starts here:]
  ignore line: [ /Library/Developer/CommandLineTools/SDKs/MacOSX11.3.sdk/usr/include/c++/v1]
  ignore line: [ /Library/Developer/CommandLineTools/usr/lib/clang/13.0.0/include]
  ignore line: [ /Library/Developer/CommandLineTools/SDKs/MacOSX11.3.sdk/usr/include]
  ignore line: [ /Library/Developer/CommandLineTools/usr/include]
  ignore line: [ /Library/Developer/CommandLineTools/SDKs/MacOSX11.3.sdk/System/Library/Frameworks (framework directory)]
  ignore line: [End of search list.]
  ignore line: [Linking CXX executable cmTC_6987f]
  ignore line: [/opt/homebrew/Cellar/cmake/3.21.3_1/bin/cmake -E cmake_link_script CMakeFiles/cmTC_6987f.dir/link.txt --verbose=1]
  ignore line: [/Library/Developer/CommandLineTools/usr/bin/c++  -arch arm64 -isysroot /Library/Developer/CommandLineTools/SDKs/MacOSX11.3.sdk -Wl -search_paths_first -Wl -headerpad_max_install_names  -v -Wl -v CMakeFiles/cmTC_6987f.dir/CMakeCXXCompilerABI.cpp.o -o cmTC_6987f ]
  ignore line: [Apple clang version 13.0.0 (clang-1300.0.29.3)]
  ignore line: [Target: arm64-apple-darwin20.6.0]
  ignore line: [Thread model: posix]
  ignore line: [InstalledDir: /Library/Developer/CommandLineTools/usr/bin]
  link line: [ "/Library/Developer/CommandLineTools/usr/bin/ld" -demangle -lto_library /Library/Developer/CommandLineTools/usr/lib/libLTO.dylib -dynamic -arch arm64 -platform_version macos 11.0.0 11.3 -syslibroot /Library/Developer/CommandLineTools/SDKs/MacOSX11.3.sdk -o cmTC_6987f -search_paths_first -headerpad_max_install_names -v CMakeFiles/cmTC_6987f.dir/CMakeCXXCompilerABI.cpp.o -lc++ -lSystem /Library/Developer/CommandLineTools/usr/lib/clang/13.0.0/lib/darwin/libclang_rt.osx.a]
    arg [/Library/Developer/CommandLineTools/usr/bin/ld] ==> ignore
    arg [-demangle] ==> ignore
    arg [-lto_library] ==> ignore, skip following value
    arg [/Library/Developer/CommandLineTools/usr/lib/libLTO.dylib] ==> skip value of -lto_library
    arg [-dynamic] ==> ignore
    arg [-arch] ==> ignore
    arg [arm64] ==> ignore
    arg [-platform_version] ==> ignore
    arg [macos] ==> ignore
    arg [11.0.0] ==> ignore
    arg [11.3] ==> ignore
    arg [-syslibroot] ==> ignore
    arg [/Library/Developer/CommandLineTools/SDKs/MacOSX11.3.sdk] ==> ignore
    arg [-o] ==> ignore
    arg [cmTC_6987f] ==> ignore
    arg [-search_paths_first] ==> ignore
    arg [-headerpad_max_install_names] ==> ignore
    arg [-v] ==> ignore
    arg [CMakeFiles/cmTC_6987f.dir/CMakeCXXCompilerABI.cpp.o] ==> ignore
    arg [-lc++] ==> lib [c++]
    arg [-lSystem] ==> lib [System]
    arg [/Library/Developer/CommandLineTools/usr/lib/clang/13.0.0/lib/darwin/libclang_rt.osx.a] ==> lib [/Library/Developer/CommandLineTools/usr/lib/clang/13.0.0/lib/darwin/libclang_rt.osx.a]
  Library search paths: [;/Library/Developer/CommandLineTools/SDKs/MacOSX11.3.sdk/usr/lib]
  Framework search paths: [;/Library/Developer/CommandLineTools/SDKs/MacOSX11.3.sdk/System/Library/Frameworks/]
  remove lib [System]
  remove lib [/Library/Developer/CommandLineTools/usr/lib/clang/13.0.0/lib/darwin/libclang_rt.osx.a]
  collapse library dir [/Library/Developer/CommandLineTools/SDKs/MacOSX11.3.sdk/usr/lib] ==> [/Library/Developer/CommandLineTools/SDKs/MacOSX11.3.sdk/usr/lib]
  collapse framework dir [/Library/Developer/CommandLineTools/SDKs/MacOSX11.3.sdk/System/Library/Frameworks/] ==> [/Library/Developer/CommandLineTools/SDKs/MacOSX11.3.sdk/System/Library/Frameworks]
  implicit libs: [c++]
  implicit objs: []
  implicit dirs: [/Library/Developer/CommandLineTools/SDKs/MacOSX11.3.sdk/usr/lib]
  implicit fwks: [/Library/Developer/CommandLineTools/SDKs/MacOSX11.3.sdk/System/Library/Frameworks]


Detecting Fortran compiler ABI info compiled with the following output:
Change Dir: /Users/lucaswells/Projects/open-fvs/trunk/bin/FVSls_CmakeDir/CMakeFiles/CMakeTmp

Run Build Command(s):/usr/bin/make -f Makefile cmTC_5bc76/fast && /Library/Developer/CommandLineTools/usr/bin/make  -f CMakeFiles/cmTC_5bc76.dir/build.make CMakeFiles/cmTC_5bc76.dir/build
Building Fortran object CMakeFiles/cmTC_5bc76.dir/CMakeFortranCompilerABI.F.o
/opt/homebrew/bin/gfortran   -isysroot /Library/Developer/CommandLineTools/SDKs/MacOSX11.3.sdk   -v -Wl,-v -c /opt/homebrew/Cellar/cmake/3.21.3_1/share/cmake/Modules/CMakeFortranCompilerABI.F -o CMakeFiles/cmTC_5bc76.dir/CMakeFortranCompilerABI.F.o
Using built-in specs.
COLLECT_GCC=/opt/homebrew/bin/gfortran
Target: aarch64-apple-darwin20
Configured with: ../configure --prefix=/opt/homebrew/Cellar/gcc/11.2.0 --libdir=/opt/homebrew/Cellar/gcc/11.2.0/lib/gcc/11 --disable-nls --enable-checking=release --enable-languages=c,c++,objc,obj-c++,fortran --program-suffix=-11 --with-gmp=/opt/homebrew/opt/gmp --with-mpfr=/opt/homebrew/opt/mpfr --with-mpc=/opt/homebrew/opt/libmpc --with-isl=/opt/homebrew/opt/isl --with-zstd=/opt/homebrew/opt/zstd --with-pkgversion='Homebrew GCC 11.2.0' --with-bugurl=https://github.com/Homebrew/homebrew-core/issues --build=aarch64-apple-darwin20 --with-system-zlib --disable-multilib --with-native-system-header-dir=/usr/include --with-sysroot=/Library/Developer/CommandLineTools/SDKs/MacOSX.sdk
Thread model: posix
Supported LTO compression algorithms: zlib zstd
gcc version 11.1.0 (Homebrew GCC 11.2.0) 
COLLECT_GCC_OPTIONS='-isysroot' '/Library/Developer/CommandLineTools/SDKs/MacOSX11.3.sdk' '-v' '-c' '-o' 'CMakeFiles/cmTC_5bc76.dir/CMakeFortranCompilerABI.F.o' '-mmacosx-version-min=11.5.0' '-asm_macosx_version_min=11.5' '-mlittle-endian' '-mabi=lp64' '-dumpdir' 'CMakeFiles/cmTC_5bc76.dir/'
 /opt/homebrew/Cellar/gcc/11.2.0/libexec/gcc/aarch64-apple-darwin20/11.1.0/f951 /opt/homebrew/Cellar/cmake/3.21.3_1/share/cmake/Modules/CMakeFortranCompilerABI.F -ffixed-form -cpp=/var/folders/dg/hzd_q63x3fj78tsmp80d4wbr0000gn/T//ccZxDmnX.f90 -quiet -v -D__DYNAMIC__ -isysroot /Library/Developer/CommandLineTools/SDKs/MacOSX11.3.sdk /opt/homebrew/Cellar/cmake/3.21.3_1/share/cmake/Modules/CMakeFortranCompilerABI.F -fPIC -quiet -dumpdir CMakeFiles/cmTC_5bc76.dir/ -dumpbase CMakeFortranCompilerABI.F.F -dumpbase-ext .F -mmacosx-version-min=11.5.0 -mlittle-endian -mabi=lp64 -version -fintrinsic-modules-path /opt/homebrew/Cellar/gcc/11.2.0/lib/gcc/11/gcc/aarch64-apple-darwin20/11.1.0/finclude -o /var/folders/dg/hzd_q63x3fj78tsmp80d4wbr0000gn/T//ccqzXLmD.s
GNU Fortran (Homebrew GCC 11.2.0) version 11.1.0 (aarch64-apple-darwin20)
	compiled by GNU C version 11.1.0, GMP version 6.2.1, MPFR version 4.1.0, MPC version 1.2.1, isl version isl-0.24-GMP

GGC heuristics: --param ggc-min-expand=100 --param ggc-min-heapsize=131072
ignoring nonexistent directory "/Library/Developer/CommandLineTools/SDKs/MacOSX11.3.sdk/usr/local/include"
ignoring nonexistent directory "/opt/homebrew/Cellar/gcc/11.2.0/lib/gcc/11/gcc/aarch64-apple-darwin20/11.1.0/../../../../../../aarch64-apple-darwin20/include"
#include "..." search starts here:
#include <...> search starts here:
 /opt/homebrew/Cellar/gcc/11.2.0/lib/gcc/11/gcc/aarch64-apple-darwin20/11.1.0/finclude
 /opt/homebrew/Cellar/gcc/11.2.0/lib/gcc/11/gcc/aarch64-apple-darwin20/11.1.0/include
 /opt/homebrew/Cellar/gcc/11.2.0/lib/gcc/11/gcc/aarch64-apple-darwin20/11.1.0/include-fixed
 /Library/Developer/CommandLineTools/SDKs/MacOSX11.3.sdk/usr/include
End of search list.
GNU Fortran2008 (Homebrew GCC 11.2.0) version 11.1.0 (aarch64-apple-darwin20)
	compiled by GNU C version 11.1.0, GMP version 6.2.1, MPFR version 4.1.0, MPC version 1.2.1, isl version isl-0.24-GMP

GGC heuristics: --param ggc-min-expand=100 --param ggc-min-heapsize=131072
COLLECT_GCC_OPTIONS='-isysroot' '/Library/Developer/CommandLineTools/SDKs/MacOSX11.3.sdk' '-v' '-c' '-o' 'CMakeFiles/cmTC_5bc76.dir/CMakeFortranCompilerABI.F.o' '-mmacosx-version-min=11.5.0'  '-mlittle-endian' '-mabi=lp64' '-dumpdir' 'CMakeFiles/cmTC_5bc76.dir/'
 as -arch arm64 -v -mmacosx-version-min=11.5 -o CMakeFiles/cmTC_5bc76.dir/CMakeFortranCompilerABI.F.o /var/folders/dg/hzd_q63x3fj78tsmp80d4wbr0000gn/T//ccqzXLmD.s
Apple clang version 13.0.0 (clang-1300.0.29.3)
Target: arm64-apple-darwin20.6.0
Thread model: posix
InstalledDir: /Library/Developer/CommandLineTools/usr/bin
 "/Library/Developer/CommandLineTools/usr/bin/clang" -cc1as -triple arm64-apple-macosx11.5.0 -filetype obj -main-file-name ccqzXLmD.s -target-cpu apple-m1 -target-feature +v8.5a -target-feature +fp-armv8 -target-feature +neon -target-feature +crc -target-feature +crypto -target-feature +dotprod -target-feature +fp16fml -target-feature +ras -target-feature +lse -target-feature +rdm -target-feature +rcpc -target-feature +zcm -target-feature +zcz -target-feature +fullfp16 -target-feature +sm4 -target-feature +sha3 -target-feature +sha2 -target-feature +aes -fdebug-compilation-dir /Users/lucaswells/Projects/open-fvs/trunk/bin/FVSls_CmakeDir/CMakeFiles/CMakeTmp -dwarf-debug-producer "Apple clang version 13.0.0 (clang-1300.0.29.3)" -dwarf-version=4 -mrelocation-model pic --mrelax-relocations -mllvm -disable-aligned-alloc-awareness=1 -mllvm -enable-dse-memoryssa=0 -o CMakeFiles/cmTC_5bc76.dir/CMakeFortranCompilerABI.F.o /var/folders/dg/hzd_q63x3fj78tsmp80d4wbr0000gn/T//ccqzXLmD.s
COMPILER_PATH=/opt/homebrew/Cellar/gcc/11.2.0/libexec/gcc/aarch64-apple-darwin20/11.1.0/:/opt/homebrew/Cellar/gcc/11.2.0/libexec/gcc/aarch64-apple-darwin20/11.1.0/:/opt/homebrew/Cellar/gcc/11.2.0/libexec/gcc/aarch64-apple-darwin20/:/opt/homebrew/Cellar/gcc/11.2.0/lib/gcc/11/gcc/aarch64-apple-darwin20/11.1.0/:/opt/homebrew/Cellar/gcc/11.2.0/lib/gcc/11/gcc/aarch64-apple-darwin20/
LIBRARY_PATH=/opt/homebrew/Cellar/gcc/11.2.0/lib/gcc/11/gcc/aarch64-apple-darwin20/11.1.0/:/opt/homebrew/Cellar/gcc/11.2.0/lib/gcc/11/gcc/aarch64-apple-darwin20/11.1.0/../../../
COLLECT_GCC_OPTIONS='-isysroot' '/Library/Developer/CommandLineTools/SDKs/MacOSX11.3.sdk' '-v' '-c' '-o' 'CMakeFiles/cmTC_5bc76.dir/CMakeFortranCompilerABI.F.o' '-mmacosx-version-min=11.5.0'  '-mlittle-endian' '-mabi=lp64' '-dumpdir' 'CMakeFiles/cmTC_5bc76.dir/CMakeFortranCompilerABI.F.'
Linking Fortran executable cmTC_5bc76
/opt/homebrew/Cellar/cmake/3.21.3_1/bin/cmake -E cmake_link_script CMakeFiles/cmTC_5bc76.dir/link.txt --verbose=1
/opt/homebrew/bin/gfortran  -v -Wl,-v  -isysroot /Library/Developer/CommandLineTools/SDKs/MacOSX11.3.sdk CMakeFiles/cmTC_5bc76.dir/CMakeFortranCompilerABI.F.o -o cmTC_5bc76 
Driving: /opt/homebrew/bin/gfortran -v -Wl,-v -isysroot /Library/Developer/CommandLineTools/SDKs/MacOSX11.3.sdk CMakeFiles/cmTC_5bc76.dir/CMakeFortranCompilerABI.F.o -o cmTC_5bc76 -mmacosx-version-min=11.5.0 -asm_macosx_version_min=11.5 -l gfortran
Using built-in specs.
COLLECT_GCC=/opt/homebrew/bin/gfortran
COLLECT_LTO_WRAPPER=/opt/homebrew/Cellar/gcc/11.2.0/libexec/gcc/aarch64-apple-darwin20/11.1.0/lto-wrapper
Target: aarch64-apple-darwin20
Configured with: ../configure --prefix=/opt/homebrew/Cellar/gcc/11.2.0 --libdir=/opt/homebrew/Cellar/gcc/11.2.0/lib/gcc/11 --disable-nls --enable-checking=release --enable-languages=c,c++,objc,obj-c++,fortran --program-suffix=-11 --with-gmp=/opt/homebrew/opt/gmp --with-mpfr=/opt/homebrew/opt/mpfr --with-mpc=/opt/homebrew/opt/libmpc --with-isl=/opt/homebrew/opt/isl --with-zstd=/opt/homebrew/opt/zstd --with-pkgversion='Homebrew GCC 11.2.0' --with-bugurl=https://github.com/Homebrew/homebrew-core/issues --build=aarch64-apple-darwin20 --with-system-zlib --disable-multilib --with-native-system-header-dir=/usr/include --with-sysroot=/Library/Developer/CommandLineTools/SDKs/MacOSX.sdk
Thread model: posix
Supported LTO compression algorithms: zlib zstd
gcc version 11.1.0 (Homebrew GCC 11.2.0) 
Reading specs from /opt/homebrew/Cellar/gcc/11.2.0/lib/gcc/11/gcc/aarch64-apple-darwin20/11.1.0/../../../libgfortran.spec
rename spec lib to liborig
COLLECT_GCC_OPTIONS='-v' '-isysroot' '/Library/Developer/CommandLineTools/SDKs/MacOSX11.3.sdk' '-o' 'cmTC_5bc76' '-mmacosx-version-min=11.5.0' '-asm_macosx_version_min=11.5' '-mlittle-endian' '-mabi=lp64' '-dumpdir' 'cmTC_5bc76-'
COMPILER_PATH=/opt/homebrew/Cellar/gcc/11.2.0/libexec/gcc/aarch64-apple-darwin20/11.1.0/:/opt/homebrew/Cellar/gcc/11.2.0/libexec/gcc/aarch64-apple-darwin20/11.1.0/:/opt/homebrew/Cellar/gcc/11.2.0/libexec/gcc/aarch64-apple-darwin20/:/opt/homebrew/Cellar/gcc/11.2.0/lib/gcc/11/gcc/aarch64-apple-darwin20/11.1.0/:/opt/homebrew/Cellar/gcc/11.2.0/lib/gcc/11/gcc/aarch64-apple-darwin20/
LIBRARY_PATH=/opt/homebrew/Cellar/gcc/11.2.0/lib/gcc/11/gcc/aarch64-apple-darwin20/11.1.0/:/opt/homebrew/Cellar/gcc/11.2.0/lib/gcc/11/gcc/aarch64-apple-darwin20/11.1.0/../../../
COLLECT_GCC_OPTIONS='-v' '-isysroot' '/Library/Developer/CommandLineTools/SDKs/MacOSX11.3.sdk' '-o' 'cmTC_5bc76' '-mmacosx-version-min=11.5.0' '-asm_macosx_version_min=11.5' '-mlittle-endian' '-mabi=lp64' '-dumpdir' 'cmTC_5bc76.'
 /opt/homebrew/Cellar/gcc/11.2.0/libexec/gcc/aarch64-apple-darwin20/11.1.0/collect2 -dynamic -arch arm64 -macosx_version_min 11.5.0 -syslibroot /Library/Developer/CommandLineTools/SDKs/MacOSX11.3.sdk -weak_reference_mismatches non-weak -o cmTC_5bc76 -L/opt/homebrew/Cellar/gcc/11.2.0/lib/gcc/11/gcc/aarch64-apple-darwin20/11.1.0 -L/opt/homebrew/Cellar/gcc/11.2.0/lib/gcc/11/gcc/aarch64-apple-darwin20/11.1.0/../../.. -v CMakeFiles/cmTC_5bc76.dir/CMakeFortranCompilerABI.F.o -lgfortran -lgcc_s.1.1 -lgcc -lm -lgcc_s.1.1 -lgcc -lSystem -lgcc -no_compact_unwind -rpath @loader_path -rpath /opt/homebrew/Cellar/gcc/11.2.0/lib/gcc/11/gcc/aarch64-apple-darwin20/11.1.0 -rpath /opt/homebrew/Cellar/gcc/11.2.0/lib/gcc/11/gcc/aarch64-apple-darwin20/11.1.0/../../.. -v
collect2 version 11.1.0
/usr/bin/ld -dynamic -arch arm64 -macosx_version_min 11.5.0 -syslibroot /Library/Developer/CommandLineTools/SDKs/MacOSX11.3.sdk -weak_reference_mismatches non-weak -o cmTC_5bc76 -L/opt/homebrew/Cellar/gcc/11.2.0/lib/gcc/11/gcc/aarch64-apple-darwin20/11.1.0 -L/opt/homebrew/Cellar/gcc/11.2.0/lib/gcc/11/gcc/aarch64-apple-darwin20/11.1.0/../../.. -v CMakeFiles/cmTC_5bc76.dir/CMakeFortranCompilerABI.F.o -lgfortran -lgcc_s.1.1 -lgcc -lm -lgcc_s.1.1 -lgcc -lSystem -lgcc -no_compact_unwind -rpath @loader_path -rpath /opt/homebrew/Cellar/gcc/11.2.0/lib/gcc/11/gcc/aarch64-apple-darwin20/11.1.0 -rpath /opt/homebrew/Cellar/gcc/11.2.0/lib/gcc/11/gcc/aarch64-apple-darwin20/11.1.0/../../.. -v
@(#)PROGRAM:ld  PROJECT:ld64-711
BUILD 14:59:28 Aug 21 2021
configured to support archs: armv6 armv7 armv7s arm64 arm64e arm64_32 i386 x86_64 x86_64h armv6m armv7k armv7m armv7em
@(#)PROGRAM:ld  PROJECT:ld64-711
BUILD 14:59:28 Aug 21 2021
configured to support archs: armv6 armv7 armv7s arm64 arm64e arm64_32 i386 x86_64 x86_64h armv6m armv7k armv7m armv7em
Library search paths:
	/opt/homebrew/Cellar/gcc/11.2.0/lib/gcc/11/gcc/aarch64-apple-darwin20/11.1.0
	/opt/homebrew/Cellar/gcc/11.2.0/lib/gcc/11
	/Library/Developer/CommandLineTools/SDKs/MacOSX11.3.sdk/usr/lib
Framework search paths:
	/Library/Developer/CommandLineTools/SDKs/MacOSX11.3.sdk/System/Library/Frameworks/



Parsed Fortran implicit include dir info from above output: rv=done
  found start of include info
  found start of implicit include info
    add: [/opt/homebrew/Cellar/gcc/11.2.0/lib/gcc/11/gcc/aarch64-apple-darwin20/11.1.0/finclude]
    add: [/opt/homebrew/Cellar/gcc/11.2.0/lib/gcc/11/gcc/aarch64-apple-darwin20/11.1.0/include]
    add: [/opt/homebrew/Cellar/gcc/11.2.0/lib/gcc/11/gcc/aarch64-apple-darwin20/11.1.0/include-fixed]
    add: [/Library/Developer/CommandLineTools/SDKs/MacOSX11.3.sdk/usr/include]
  end of search list found
  collapse include dir [/opt/homebrew/Cellar/gcc/11.2.0/lib/gcc/11/gcc/aarch64-apple-darwin20/11.1.0/finclude] ==> [/opt/homebrew/Cellar/gcc/11.2.0/lib/gcc/11/gcc/aarch64-apple-darwin20/11.1.0/finclude]
  collapse include dir [/opt/homebrew/Cellar/gcc/11.2.0/lib/gcc/11/gcc/aarch64-apple-darwin20/11.1.0/include] ==> [/opt/homebrew/Cellar/gcc/11.2.0/lib/gcc/11/gcc/aarch64-apple-darwin20/11.1.0/include]
  collapse include dir [/opt/homebrew/Cellar/gcc/11.2.0/lib/gcc/11/gcc/aarch64-apple-darwin20/11.1.0/include-fixed] ==> [/opt/homebrew/Cellar/gcc/11.2.0/lib/gcc/11/gcc/aarch64-apple-darwin20/11.1.0/include-fixed]
  collapse include dir [/Library/Developer/CommandLineTools/SDKs/MacOSX11.3.sdk/usr/include] ==> [/Library/Developer/CommandLineTools/SDKs/MacOSX11.3.sdk/usr/include]
  implicit include dirs: [/opt/homebrew/Cellar/gcc/11.2.0/lib/gcc/11/gcc/aarch64-apple-darwin20/11.1.0/finclude;/opt/homebrew/Cellar/gcc/11.2.0/lib/gcc/11/gcc/aarch64-apple-darwin20/11.1.0/include;/opt/homebrew/Cellar/gcc/11.2.0/lib/gcc/11/gcc/aarch64-apple-darwin20/11.1.0/include-fixed;/Library/Developer/CommandLineTools/SDKs/MacOSX11.3.sdk/usr/include]


Parsed Fortran implicit link information from above output:
  link line regex: [^( *|.*[/\])(ld|CMAKE_LINK_STARTFILE-NOTFOUND|([^/\]+-)?ld|collect2)[^/\]*( |$)]
  ignore line: [Change Dir: /Users/lucaswells/Projects/open-fvs/trunk/bin/FVSls_CmakeDir/CMakeFiles/CMakeTmp]
  ignore line: []
  ignore line: [Run Build Command(s):/usr/bin/make -f Makefile cmTC_5bc76/fast && /Library/Developer/CommandLineTools/usr/bin/make  -f CMakeFiles/cmTC_5bc76.dir/build.make CMakeFiles/cmTC_5bc76.dir/build]
  ignore line: [Building Fortran object CMakeFiles/cmTC_5bc76.dir/CMakeFortranCompilerABI.F.o]
  ignore line: [/opt/homebrew/bin/gfortran   -isysroot /Library/Developer/CommandLineTools/SDKs/MacOSX11.3.sdk   -v -Wl -v -c /opt/homebrew/Cellar/cmake/3.21.3_1/share/cmake/Modules/CMakeFortranCompilerABI.F -o CMakeFiles/cmTC_5bc76.dir/CMakeFortranCompilerABI.F.o]
  ignore line: [Using built-in specs.]
  ignore line: [COLLECT_GCC=/opt/homebrew/bin/gfortran]
  ignore line: [Target: aarch64-apple-darwin20]
  ignore line: [Configured with: ../configure --prefix=/opt/homebrew/Cellar/gcc/11.2.0 --libdir=/opt/homebrew/Cellar/gcc/11.2.0/lib/gcc/11 --disable-nls --enable-checking=release --enable-languages=c c++ objc obj-c++ fortran --program-suffix=-11 --with-gmp=/opt/homebrew/opt/gmp --with-mpfr=/opt/homebrew/opt/mpfr --with-mpc=/opt/homebrew/opt/libmpc --with-isl=/opt/homebrew/opt/isl --with-zstd=/opt/homebrew/opt/zstd --with-pkgversion='Homebrew GCC 11.2.0' --with-bugurl=https://github.com/Homebrew/homebrew-core/issues --build=aarch64-apple-darwin20 --with-system-zlib --disable-multilib --with-native-system-header-dir=/usr/include --with-sysroot=/Library/Developer/CommandLineTools/SDKs/MacOSX.sdk]
  ignore line: [Thread model: posix]
  ignore line: [Supported LTO compression algorithms: zlib zstd]
  ignore line: [gcc version 11.1.0 (Homebrew GCC 11.2.0) ]
  ignore line: [COLLECT_GCC_OPTIONS='-isysroot' '/Library/Developer/CommandLineTools/SDKs/MacOSX11.3.sdk' '-v' '-c' '-o' 'CMakeFiles/cmTC_5bc76.dir/CMakeFortranCompilerABI.F.o' '-mmacosx-version-min=11.5.0' '-asm_macosx_version_min=11.5' '-mlittle-endian' '-mabi=lp64' '-dumpdir' 'CMakeFiles/cmTC_5bc76.dir/']
  ignore line: [ /opt/homebrew/Cellar/gcc/11.2.0/libexec/gcc/aarch64-apple-darwin20/11.1.0/f951 /opt/homebrew/Cellar/cmake/3.21.3_1/share/cmake/Modules/CMakeFortranCompilerABI.F -ffixed-form -cpp=/var/folders/dg/hzd_q63x3fj78tsmp80d4wbr0000gn/T//ccZxDmnX.f90 -quiet -v -D__DYNAMIC__ -isysroot /Library/Developer/CommandLineTools/SDKs/MacOSX11.3.sdk /opt/homebrew/Cellar/cmake/3.21.3_1/share/cmake/Modules/CMakeFortranCompilerABI.F -fPIC -quiet -dumpdir CMakeFiles/cmTC_5bc76.dir/ -dumpbase CMakeFortranCompilerABI.F.F -dumpbase-ext .F -mmacosx-version-min=11.5.0 -mlittle-endian -mabi=lp64 -version -fintrinsic-modules-path /opt/homebrew/Cellar/gcc/11.2.0/lib/gcc/11/gcc/aarch64-apple-darwin20/11.1.0/finclude -o /var/folders/dg/hzd_q63x3fj78tsmp80d4wbr0000gn/T//ccqzXLmD.s]
  ignore line: [GNU Fortran (Homebrew GCC 11.2.0) version 11.1.0 (aarch64-apple-darwin20)]
  ignore line: [	compiled by GNU C version 11.1.0  GMP version 6.2.1  MPFR version 4.1.0  MPC version 1.2.1  isl version isl-0.24-GMP]
  ignore line: []
  ignore line: [GGC heuristics: --param ggc-min-expand=100 --param ggc-min-heapsize=131072]
  ignore line: [ignoring nonexistent directory "/Library/Developer/CommandLineTools/SDKs/MacOSX11.3.sdk/usr/local/include"]
  ignore line: [ignoring nonexistent directory "/opt/homebrew/Cellar/gcc/11.2.0/lib/gcc/11/gcc/aarch64-apple-darwin20/11.1.0/../../../../../../aarch64-apple-darwin20/include"]
  ignore line: [#include "..." search starts here:]
  ignore line: [#include <...> search starts here:]
  ignore line: [ /opt/homebrew/Cellar/gcc/11.2.0/lib/gcc/11/gcc/aarch64-apple-darwin20/11.1.0/finclude]
  ignore line: [ /opt/homebrew/Cellar/gcc/11.2.0/lib/gcc/11/gcc/aarch64-apple-darwin20/11.1.0/include]
  ignore line: [ /opt/homebrew/Cellar/gcc/11.2.0/lib/gcc/11/gcc/aarch64-apple-darwin20/11.1.0/include-fixed]
  ignore line: [ /Library/Developer/CommandLineTools/SDKs/MacOSX11.3.sdk/usr/include]
  ignore line: [End of search list.]
  ignore line: [GNU Fortran2008 (Homebrew GCC 11.2.0) version 11.1.0 (aarch64-apple-darwin20)]
  ignore line: [	compiled by GNU C version 11.1.0  GMP version 6.2.1  MPFR version 4.1.0  MPC version 1.2.1  isl version isl-0.24-GMP]
  ignore line: []
  ignore line: [GGC heuristics: --param ggc-min-expand=100 --param ggc-min-heapsize=131072]
  ignore line: [COLLECT_GCC_OPTIONS='-isysroot' '/Library/Developer/CommandLineTools/SDKs/MacOSX11.3.sdk' '-v' '-c' '-o' 'CMakeFiles/cmTC_5bc76.dir/CMakeFortranCompilerABI.F.o' '-mmacosx-version-min=11.5.0'  '-mlittle-endian' '-mabi=lp64' '-dumpdir' 'CMakeFiles/cmTC_5bc76.dir/']
  ignore line: [ as -arch arm64 -v -mmacosx-version-min=11.5 -o CMakeFiles/cmTC_5bc76.dir/CMakeFortranCompilerABI.F.o /var/folders/dg/hzd_q63x3fj78tsmp80d4wbr0000gn/T//ccqzXLmD.s]
  ignore line: [Apple clang version 13.0.0 (clang-1300.0.29.3)]
  ignore line: [Target: arm64-apple-darwin20.6.0]
  ignore line: [Thread model: posix]
  ignore line: [InstalledDir: /Library/Developer/CommandLineTools/usr/bin]
  ignore line: [ "/Library/Developer/CommandLineTools/usr/bin/clang" -cc1as -triple arm64-apple-macosx11.5.0 -filetype obj -main-file-name ccqzXLmD.s -target-cpu apple-m1 -target-feature +v8.5a -target-feature +fp-armv8 -target-feature +neon -target-feature +crc -target-feature +crypto -target-feature +dotprod -target-feature +fp16fml -target-feature +ras -target-feature +lse -target-feature +rdm -target-feature +rcpc -target-feature +zcm -target-feature +zcz -target-feature +fullfp16 -target-feature +sm4 -target-feature +sha3 -target-feature +sha2 -target-feature +aes -fdebug-compilation-dir /Users/lucaswells/Projects/open-fvs/trunk/bin/FVSls_CmakeDir/CMakeFiles/CMakeTmp -dwarf-debug-producer "Apple clang version 13.0.0 (clang-1300.0.29.3)" -dwarf-version=4 -mrelocation-model pic --mrelax-relocations -mllvm -disable-aligned-alloc-awareness=1 -mllvm -enable-dse-memoryssa=0 -o CMakeFiles/cmTC_5bc76.dir/CMakeFortranCompilerABI.F.o /var/folders/dg/hzd_q63x3fj78tsmp80d4wbr0000gn/T//ccqzXLmD.s]
  ignore line: [COMPILER_PATH=/opt/homebrew/Cellar/gcc/11.2.0/libexec/gcc/aarch64-apple-darwin20/11.1.0/:/opt/homebrew/Cellar/gcc/11.2.0/libexec/gcc/aarch64-apple-darwin20/11.1.0/:/opt/homebrew/Cellar/gcc/11.2.0/libexec/gcc/aarch64-apple-darwin20/:/opt/homebrew/Cellar/gcc/11.2.0/lib/gcc/11/gcc/aarch64-apple-darwin20/11.1.0/:/opt/homebrew/Cellar/gcc/11.2.0/lib/gcc/11/gcc/aarch64-apple-darwin20/]
  ignore line: [LIBRARY_PATH=/opt/homebrew/Cellar/gcc/11.2.0/lib/gcc/11/gcc/aarch64-apple-darwin20/11.1.0/:/opt/homebrew/Cellar/gcc/11.2.0/lib/gcc/11/gcc/aarch64-apple-darwin20/11.1.0/../../../]
  ignore line: [COLLECT_GCC_OPTIONS='-isysroot' '/Library/Developer/CommandLineTools/SDKs/MacOSX11.3.sdk' '-v' '-c' '-o' 'CMakeFiles/cmTC_5bc76.dir/CMakeFortranCompilerABI.F.o' '-mmacosx-version-min=11.5.0'  '-mlittle-endian' '-mabi=lp64' '-dumpdir' 'CMakeFiles/cmTC_5bc76.dir/CMakeFortranCompilerABI.F.']
  ignore line: [Linking Fortran executable cmTC_5bc76]
  ignore line: [/opt/homebrew/Cellar/cmake/3.21.3_1/bin/cmake -E cmake_link_script CMakeFiles/cmTC_5bc76.dir/link.txt --verbose=1]
  ignore line: [/opt/homebrew/bin/gfortran  -v -Wl -v  -isysroot /Library/Developer/CommandLineTools/SDKs/MacOSX11.3.sdk CMakeFiles/cmTC_5bc76.dir/CMakeFortranCompilerABI.F.o -o cmTC_5bc76 ]
  ignore line: [Driving: /opt/homebrew/bin/gfortran -v -Wl -v -isysroot /Library/Developer/CommandLineTools/SDKs/MacOSX11.3.sdk CMakeFiles/cmTC_5bc76.dir/CMakeFortranCompilerABI.F.o -o cmTC_5bc76 -mmacosx-version-min=11.5.0 -asm_macosx_version_min=11.5 -l gfortran]
  ignore line: [Using built-in specs.]
  ignore line: [COLLECT_GCC=/opt/homebrew/bin/gfortran]
  ignore line: [COLLECT_LTO_WRAPPER=/opt/homebrew/Cellar/gcc/11.2.0/libexec/gcc/aarch64-apple-darwin20/11.1.0/lto-wrapper]
  ignore line: [Target: aarch64-apple-darwin20]
  ignore line: [Configured with: ../configure --prefix=/opt/homebrew/Cellar/gcc/11.2.0 --libdir=/opt/homebrew/Cellar/gcc/11.2.0/lib/gcc/11 --disable-nls --enable-checking=release --enable-languages=c c++ objc obj-c++ fortran --program-suffix=-11 --with-gmp=/opt/homebrew/opt/gmp --with-mpfr=/opt/homebrew/opt/mpfr --with-mpc=/opt/homebrew/opt/libmpc --with-isl=/opt/homebrew/opt/isl --with-zstd=/opt/homebrew/opt/zstd --with-pkgversion='Homebrew GCC 11.2.0' --with-bugurl=https://github.com/Homebrew/homebrew-core/issues --build=aarch64-apple-darwin20 --with-system-zlib --disable-multilib --with-native-system-header-dir=/usr/include --with-sysroot=/Library/Developer/CommandLineTools/SDKs/MacOSX.sdk]
  ignore line: [Thread model: posix]
  ignore line: [Supported LTO compression algorithms: zlib zstd]
  ignore line: [gcc version 11.1.0 (Homebrew GCC 11.2.0) ]
  ignore line: [Reading specs from /opt/homebrew/Cellar/gcc/11.2.0/lib/gcc/11/gcc/aarch64-apple-darwin20/11.1.0/../../../libgfortran.spec]
  ignore line: [rename spec lib to liborig]
  ignore line: [COLLECT_GCC_OPTIONS='-v' '-isysroot' '/Library/Developer/CommandLineTools/SDKs/MacOSX11.3.sdk' '-o' 'cmTC_5bc76' '-mmacosx-version-min=11.5.0' '-asm_macosx_version_min=11.5' '-mlittle-endian' '-mabi=lp64' '-dumpdir' 'cmTC_5bc76-']
  ignore line: [COMPILER_PATH=/opt/homebrew/Cellar/gcc/11.2.0/libexec/gcc/aarch64-apple-darwin20/11.1.0/:/opt/homebrew/Cellar/gcc/11.2.0/libexec/gcc/aarch64-apple-darwin20/11.1.0/:/opt/homebrew/Cellar/gcc/11.2.0/libexec/gcc/aarch64-apple-darwin20/:/opt/homebrew/Cellar/gcc/11.2.0/lib/gcc/11/gcc/aarch64-apple-darwin20/11.1.0/:/opt/homebrew/Cellar/gcc/11.2.0/lib/gcc/11/gcc/aarch64-apple-darwin20/]
  ignore line: [LIBRARY_PATH=/opt/homebrew/Cellar/gcc/11.2.0/lib/gcc/11/gcc/aarch64-apple-darwin20/11.1.0/:/opt/homebrew/Cellar/gcc/11.2.0/lib/gcc/11/gcc/aarch64-apple-darwin20/11.1.0/../../../]
  ignore line: [COLLECT_GCC_OPTIONS='-v' '-isysroot' '/Library/Developer/CommandLineTools/SDKs/MacOSX11.3.sdk' '-o' 'cmTC_5bc76' '-mmacosx-version-min=11.5.0' '-asm_macosx_version_min=11.5' '-mlittle-endian' '-mabi=lp64' '-dumpdir' 'cmTC_5bc76.']
  link line: [ /opt/homebrew/Cellar/gcc/11.2.0/libexec/gcc/aarch64-apple-darwin20/11.1.0/collect2 -dynamic -arch arm64 -macosx_version_min 11.5.0 -syslibroot /Library/Developer/CommandLineTools/SDKs/MacOSX11.3.sdk -weak_reference_mismatches non-weak -o cmTC_5bc76 -L/opt/homebrew/Cellar/gcc/11.2.0/lib/gcc/11/gcc/aarch64-apple-darwin20/11.1.0 -L/opt/homebrew/Cellar/gcc/11.2.0/lib/gcc/11/gcc/aarch64-apple-darwin20/11.1.0/../../.. -v CMakeFiles/cmTC_5bc76.dir/CMakeFortranCompilerABI.F.o -lgfortran -lgcc_s.1.1 -lgcc -lm -lgcc_s.1.1 -lgcc -lSystem -lgcc -no_compact_unwind -rpath @loader_path -rpath /opt/homebrew/Cellar/gcc/11.2.0/lib/gcc/11/gcc/aarch64-apple-darwin20/11.1.0 -rpath /opt/homebrew/Cellar/gcc/11.2.0/lib/gcc/11/gcc/aarch64-apple-darwin20/11.1.0/../../.. -v]
    arg [/opt/homebrew/Cellar/gcc/11.2.0/libexec/gcc/aarch64-apple-darwin20/11.1.0/collect2] ==> ignore
    arg [-dynamic] ==> ignore
    arg [-arch] ==> ignore
    arg [arm64] ==> ignore
    arg [-macosx_version_min] ==> ignore
    arg [11.5.0] ==> ignore
    arg [-syslibroot] ==> ignore
    arg [/Library/Developer/CommandLineTools/SDKs/MacOSX11.3.sdk] ==> ignore
    arg [-weak_reference_mismatches] ==> ignore
    arg [non-weak] ==> ignore
    arg [-o] ==> ignore
    arg [cmTC_5bc76] ==> ignore
    arg [-L/opt/homebrew/Cellar/gcc/11.2.0/lib/gcc/11/gcc/aarch64-apple-darwin20/11.1.0] ==> dir [/opt/homebrew/Cellar/gcc/11.2.0/lib/gcc/11/gcc/aarch64-apple-darwin20/11.1.0]
    arg [-L/opt/homebrew/Cellar/gcc/11.2.0/lib/gcc/11/gcc/aarch64-apple-darwin20/11.1.0/../../..] ==> dir [/opt/homebrew/Cellar/gcc/11.2.0/lib/gcc/11/gcc/aarch64-apple-darwin20/11.1.0/../../..]
    arg [-v] ==> ignore
    arg [CMakeFiles/cmTC_5bc76.dir/CMakeFortranCompilerABI.F.o] ==> ignore
    arg [-lgfortran] ==> lib [gfortran]
    arg [-lgcc_s.1.1] ==> lib [gcc_s.1.1]
    arg [-lgcc] ==> lib [gcc]
    arg [-lm] ==> lib [m]
    arg [-lgcc_s.1.1] ==> lib [gcc_s.1.1]
    arg [-lgcc] ==> lib [gcc]
    arg [-lSystem] ==> lib [System]
    arg [-lgcc] ==> lib [gcc]
    arg [-no_compact_unwind] ==> ignore
    arg [-rpath] ==> ignore
    arg [@loader_path] ==> ignore
    arg [-rpath] ==> ignore
    arg [/opt/homebrew/Cellar/gcc/11.2.0/lib/gcc/11/gcc/aarch64-apple-darwin20/11.1.0] ==> ignore
    arg [-rpath] ==> ignore
    arg [/opt/homebrew/Cellar/gcc/11.2.0/lib/gcc/11/gcc/aarch64-apple-darwin20/11.1.0/../../..] ==> ignore
    arg [-v] ==> ignore
  Library search paths: [;/opt/homebrew/Cellar/gcc/11.2.0/lib/gcc/11/gcc/aarch64-apple-darwin20/11.1.0;/opt/homebrew/Cellar/gcc/11.2.0/lib/gcc/11;/Library/Developer/CommandLineTools/SDKs/MacOSX11.3.sdk/usr/lib]
  Framework search paths: [;/Library/Developer/CommandLineTools/SDKs/MacOSX11.3.sdk/System/Library/Frameworks/]
  remove lib [System]
  collapse library dir [/opt/homebrew/Cellar/gcc/11.2.0/lib/gcc/11/gcc/aarch64-apple-darwin20/11.1.0] ==> [/opt/homebrew/Cellar/gcc/11.2.0/lib/gcc/11/gcc/aarch64-apple-darwin20/11.1.0]
  collapse library dir [/opt/homebrew/Cellar/gcc/11.2.0/lib/gcc/11/gcc/aarch64-apple-darwin20/11.1.0/../../..] ==> [/opt/homebrew/Cellar/gcc/11.2.0/lib/gcc/11]
  collapse library dir [/opt/homebrew/Cellar/gcc/11.2.0/lib/gcc/11/gcc/aarch64-apple-darwin20/11.1.0] ==> [/opt/homebrew/Cellar/gcc/11.2.0/lib/gcc/11/gcc/aarch64-apple-darwin20/11.1.0]
  collapse library dir [/opt/homebrew/Cellar/gcc/11.2.0/lib/gcc/11] ==> [/opt/homebrew/Cellar/gcc/11.2.0/lib/gcc/11]
  collapse library dir [/Library/Developer/CommandLineTools/SDKs/MacOSX11.3.sdk/usr/lib] ==> [/Library/Developer/CommandLineTools/SDKs/MacOSX11.3.sdk/usr/lib]
  collapse framework dir [/Library/Developer/CommandLineTools/SDKs/MacOSX11.3.sdk/System/Library/Frameworks/] ==> [/Library/Developer/CommandLineTools/SDKs/MacOSX11.3.sdk/System/Library/Frameworks]
  implicit libs: [gfortran;gcc_s.1.1;gcc;m;gcc_s.1.1;gcc;gcc]
  implicit objs: []
  implicit dirs: [/opt/homebrew/Cellar/gcc/11.2.0/lib/gcc/11/gcc/aarch64-apple-darwin20/11.1.0;/opt/homebrew/Cellar/gcc/11.2.0/lib/gcc/11;/Library/Developer/CommandLineTools/SDKs/MacOSX11.3.sdk/usr/lib]
  implicit fwks: [/Library/Developer/CommandLineTools/SDKs/MacOSX11.3.sdk/System/Library/Frameworks]


Determining if the Fortran compiler supports Fortran 90 passed with the following output:
Change Dir: /Users/lucaswells/Projects/open-fvs/trunk/bin/FVSls_CmakeDir/CMakeFiles/CMakeTmp

Run Build Command(s):/usr/bin/make -f Makefile cmTC_b87c3/fast && /Library/Developer/CommandLineTools/usr/bin/make  -f CMakeFiles/cmTC_b87c3.dir/build.make CMakeFiles/cmTC_b87c3.dir/build
Building Fortran object CMakeFiles/cmTC_b87c3.dir/testFortranCompilerF90.f90.o
/opt/homebrew/bin/gfortran   -isysroot /Library/Developer/CommandLineTools/SDKs/MacOSX11.3.sdk -c /Users/lucaswells/Projects/open-fvs/trunk/bin/FVSls_CmakeDir/CMakeFiles/CMakeTmp/testFortranCompilerF90.f90 -o CMakeFiles/cmTC_b87c3.dir/testFortranCompilerF90.f90.o
Linking Fortran executable cmTC_b87c3
/opt/homebrew/Cellar/cmake/3.21.3_1/bin/cmake -E cmake_link_script CMakeFiles/cmTC_b87c3.dir/link.txt --verbose=1
/opt/homebrew/bin/gfortran  -isysroot /Library/Developer/CommandLineTools/SDKs/MacOSX11.3.sdk CMakeFiles/cmTC_b87c3.dir/testFortranCompilerF90.f90.o -o cmTC_b87c3 



